TN:
SF:/home/mrduk/Heroku-apps/WayFarer-API/spec/bookings.spec.js
FN:12,(anonymous_0)
FN:15,(anonymous_1)
FN:37,(anonymous_2)
FN:38,(anonymous_3)
FN:47,(anonymous_4)
FN:55,(anonymous_5)
FN:63,(anonymous_6)
FN:73,(anonymous_7)
FN:83,(anonymous_8)
FNF:9
FNH:9
FNDA:1,(anonymous_0)
FNDA:5,(anonymous_1)
FNDA:1,(anonymous_2)
FNDA:5,(anonymous_3)
FNDA:1,(anonymous_4)
FNDA:1,(anonymous_5)
FNDA:1,(anonymous_6)
FNDA:1,(anonymous_7)
FNDA:1,(anonymous_8)
DA:5,1
DA:6,1
DA:7,1
DA:9,1
DA:10,1
DA:12,1
DA:15,1
DA:16,5
DA:17,5
DA:18,0
DA:19,0
DA:29,0
DA:30,0
DA:31,0
DA:33,5
DA:37,1
DA:38,1
DA:39,5
DA:40,5
DA:41,5
DA:42,5
DA:44,0
DA:47,1
DA:48,1
DA:49,1
DA:50,0
DA:52,1
DA:55,1
DA:56,1
DA:57,1
DA:58,0
DA:60,1
DA:63,1
DA:64,1
DA:65,1
DA:66,0
DA:67,0
DA:68,0
DA:70,1
DA:73,1
DA:74,1
DA:75,1
DA:76,0
DA:77,0
DA:78,0
DA:80,1
DA:83,1
DA:84,1
DA:85,1
DA:86,0
DA:87,0
DA:88,0
DA:90,1
LF:53
LH:36
BRF:0
BRH:0
end_of_record
TN:
SF:/home/mrduk/Heroku-apps/WayFarer-API/spec/trips.spec.js
FN:10,(anonymous_0)
FN:13,(anonymous_1)
FN:23,(anonymous_2)
FN:31,(anonymous_3)
FN:60,(anonymous_4)
FN:70,(anonymous_5)
FN:78,(anonymous_6)
FN:106,(anonymous_7)
FN:116,(anonymous_8)
FN:124,(anonymous_9)
FN:151,(anonymous_10)
FN:161,(anonymous_11)
FN:169,(anonymous_12)
FN:197,(anonymous_13)
FN:207,(anonymous_14)
FN:215,(anonymous_15)
FN:246,(anonymous_16)
FN:247,(anonymous_17)
FN:257,(anonymous_18)
FN:265,(anonymous_19)
FN:288,(anonymous_20)
FN:298,(anonymous_21)
FN:306,(anonymous_22)
FN:328,(anonymous_23)
FN:338,(anonymous_24)
FN:346,(anonymous_25)
FN:368,(anonymous_26)
FN:378,(anonymous_27)
FN:386,(anonymous_28)
FNF:29
FNH:29
FNDA:1,(anonymous_0)
FNDA:1,(anonymous_1)
FNDA:1,(anonymous_2)
FNDA:1,(anonymous_3)
FNDA:1,(anonymous_4)
FNDA:1,(anonymous_5)
FNDA:1,(anonymous_6)
FNDA:1,(anonymous_7)
FNDA:1,(anonymous_8)
FNDA:1,(anonymous_9)
FNDA:1,(anonymous_10)
FNDA:1,(anonymous_11)
FNDA:1,(anonymous_12)
FNDA:1,(anonymous_13)
FNDA:1,(anonymous_14)
FNDA:1,(anonymous_15)
FNDA:1,(anonymous_16)
FNDA:1,(anonymous_17)
FNDA:1,(anonymous_18)
FNDA:1,(anonymous_19)
FNDA:1,(anonymous_20)
FNDA:1,(anonymous_21)
FNDA:1,(anonymous_22)
FNDA:1,(anonymous_23)
FNDA:1,(anonymous_24)
FNDA:1,(anonymous_25)
FNDA:1,(anonymous_26)
FNDA:1,(anonymous_27)
FNDA:1,(anonymous_28)
DA:4,1
DA:5,1
DA:6,1
DA:7,1
DA:10,1
DA:13,1
DA:14,1
DA:22,1
DA:23,1
DA:24,1
DA:25,1
DA:26,1
DA:28,0
DA:31,1
DA:32,1
DA:33,1
DA:47,0
DA:48,0
DA:49,0
DA:50,0
DA:51,0
DA:52,0
DA:53,0
DA:55,1
DA:60,1
DA:61,1
DA:69,1
DA:70,1
DA:71,1
DA:72,1
DA:73,1
DA:75,0
DA:78,1
DA:79,1
DA:80,1
DA:94,0
DA:95,0
DA:96,0
DA:97,0
DA:98,0
DA:99,0
DA:101,1
DA:106,1
DA:107,1
DA:115,1
DA:116,1
DA:117,1
DA:118,1
DA:119,1
DA:121,0
DA:124,1
DA:125,1
DA:126,1
DA:139,0
DA:140,0
DA:141,0
DA:142,0
DA:143,0
DA:144,0
DA:146,1
DA:151,1
DA:152,1
DA:160,1
DA:161,1
DA:162,1
DA:163,1
DA:164,1
DA:166,0
DA:169,1
DA:170,1
DA:171,1
DA:185,0
DA:186,0
DA:187,0
DA:188,0
DA:189,0
DA:190,0
DA:192,1
DA:197,1
DA:198,1
DA:206,1
DA:207,1
DA:208,1
DA:209,1
DA:210,1
DA:212,0
DA:215,1
DA:216,1
DA:217,1
DA:231,0
DA:232,0
DA:233,0
DA:234,0
DA:235,0
DA:236,0
DA:238,1
DA:246,1
DA:247,1
DA:248,1
DA:256,1
DA:257,1
DA:258,1
DA:259,1
DA:260,1
DA:262,0
DA:265,1
DA:266,1
DA:267,1
DA:276,0
DA:277,0
DA:278,0
DA:279,0
DA:280,0
DA:281,0
DA:282,0
DA:284,1
DA:288,1
DA:289,1
DA:297,1
DA:298,1
DA:299,1
DA:300,1
DA:301,1
DA:303,0
DA:306,1
DA:307,1
DA:308,1
DA:317,0
DA:318,0
DA:319,0
DA:320,0
DA:321,0
DA:322,0
DA:324,1
DA:328,1
DA:329,1
DA:337,1
DA:338,1
DA:339,1
DA:340,1
DA:341,1
DA:343,0
DA:346,1
DA:347,1
DA:348,1
DA:357,0
DA:358,0
DA:359,0
DA:360,0
DA:361,0
DA:362,0
DA:364,1
DA:368,1
DA:369,1
DA:377,1
DA:378,1
DA:379,1
DA:380,1
DA:381,1
DA:383,0
DA:386,1
DA:387,1
DA:388,1
DA:396,0
DA:397,0
DA:398,0
DA:399,0
DA:400,0
DA:401,0
DA:403,1
LF:170
LH:105
BRDA:52,0,0,0
BRDA:52,0,1,0
BRDA:281,1,0,0
BRDA:281,1,1,0
BRF:4
BRH:0
end_of_record
TN:
SF:/home/mrduk/Heroku-apps/WayFarer-API/spec/users.spec.js
FN:9,(anonymous_0)
FN:10,(anonymous_1)
FN:22,(anonymous_2)
FN:23,(anonymous_3)
FN:39,(anonymous_4)
FN:40,(anonymous_5)
FN:63,(anonymous_6)
FN:64,(anonymous_7)
FN:84,(anonymous_8)
FN:85,(anonymous_9)
FN:97,(anonymous_10)
FN:98,(anonymous_11)
FN:117,(anonymous_12)
FN:118,(anonymous_13)
FN:128,(anonymous_14)
FN:145,(anonymous_15)
FN:146,(anonymous_16)
FN:167,(anonymous_17)
FN:168,(anonymous_18)
FN:186,(anonymous_19)
FN:187,(anonymous_20)
FNF:21
FNH:21
FNDA:1,(anonymous_0)
FNDA:1,(anonymous_1)
FNDA:1,(anonymous_2)
FNDA:1,(anonymous_3)
FNDA:1,(anonymous_4)
FNDA:1,(anonymous_5)
FNDA:1,(anonymous_6)
FNDA:1,(anonymous_7)
FNDA:1,(anonymous_8)
FNDA:1,(anonymous_9)
FNDA:1,(anonymous_10)
FNDA:1,(anonymous_11)
FNDA:1,(anonymous_12)
FNDA:1,(anonymous_13)
FNDA:1,(anonymous_14)
FNDA:1,(anonymous_15)
FNDA:1,(anonymous_16)
FNDA:1,(anonymous_17)
FNDA:1,(anonymous_18)
FNDA:1,(anonymous_19)
FNDA:1,(anonymous_20)
DA:4,1
DA:5,1
DA:6,1
DA:9,1
DA:10,1
DA:11,1
DA:21,1
DA:22,1
DA:23,1
DA:24,1
DA:25,1
DA:26,1
DA:27,0
DA:28,0
DA:29,0
DA:30,0
DA:31,0
DA:32,0
DA:33,0
DA:35,1
DA:39,1
DA:40,1
DA:41,1
DA:42,1
DA:52,1
DA:53,1
DA:54,1
DA:55,1
DA:56,1
DA:57,1
DA:59,0
DA:63,1
DA:64,1
DA:65,1
DA:66,1
DA:71,1
DA:72,1
DA:73,1
DA:74,1
DA:75,1
DA:76,1
DA:78,0
DA:84,1
DA:85,1
DA:86,1
DA:96,1
DA:97,1
DA:98,1
DA:99,1
DA:100,1
DA:101,1
DA:102,0
DA:103,0
DA:104,0
DA:105,0
DA:106,0
DA:107,0
DA:108,0
DA:110,1
DA:117,1
DA:118,1
DA:119,1
DA:127,1
DA:128,1
DA:129,1
DA:130,1
DA:131,1
DA:132,1
DA:133,1
DA:134,1
DA:135,1
DA:136,1
DA:137,1
DA:138,1
DA:139,1
DA:141,0
DA:145,1
DA:146,1
DA:147,1
DA:148,1
DA:156,1
DA:157,1
DA:158,1
DA:159,1
DA:160,1
DA:161,1
DA:163,0
DA:167,1
DA:168,1
DA:169,1
DA:170,1
DA:175,1
DA:176,1
DA:177,1
DA:178,1
DA:179,1
DA:180,1
DA:182,0
DA:186,1
DA:187,1
DA:188,1
DA:189,1
DA:196,1
DA:197,1
DA:198,1
DA:199,1
DA:200,1
DA:201,1
DA:203,0
LF:109
LH:89
BRF:0
BRH:0
end_of_record
TN:
SF:/home/mrduk/Heroku-apps/WayFarer-API/src/index.js
FN:17,(anonymous_0)
FNF:1
FNH:1
FNDA:1,(anonymous_0)
DA:1,1
DA:2,1
DA:3,1
DA:4,1
DA:5,1
DA:7,1
DA:8,1
DA:9,1
DA:10,1
DA:12,1
DA:13,1
DA:14,1
DA:16,1
DA:17,1
DA:19,1
LF:15
LH:15
BRDA:16,0,0,1
BRDA:16,0,1,1
BRF:2
BRH:2
end_of_record
TN:
SF:/home/mrduk/Heroku-apps/WayFarer-API/src/controllers/bookings.js
FN:9,(anonymous_0)
FN:14,(anonymous_1)
FNF:2
FNH:0
FNDA:0,(anonymous_0)
FNDA:0,(anonymous_1)
DA:1,1
DA:2,1
DA:5,1
DA:10,0
DA:15,0
DA:19,0
DA:21,0
DA:24,0
DA:25,0
DA:28,0
DA:34,0
DA:37,0
DA:39,0
DA:41,0
DA:57,0
DA:62,1
LF:16
LH:4
BRF:0
BRH:0
end_of_record
TN:
SF:/home/mrduk/Heroku-apps/WayFarer-API/src/controllers/buses.js
FN:4,(anonymous_0)
FNF:1
FNH:0
FNDA:0,(anonymous_0)
DA:1,1
DA:5,0
DA:9,1
LF:3
LH:2
BRF:0
BRH:0
end_of_record
TN:
SF:/home/mrduk/Heroku-apps/WayFarer-API/src/controllers/trips.js
FN:9,(anonymous_0)
FN:14,(anonymous_1)
FN:49,(anonymous_2)
FN:55,(anonymous_3)
FN:73,(anonymous_4)
FNF:5
FNH:0
FNDA:0,(anonymous_0)
FNDA:0,(anonymous_1)
FNDA:0,(anonymous_2)
FNDA:0,(anonymous_3)
FNDA:0,(anonymous_4)
DA:1,1
DA:6,1
DA:10,0
DA:15,0
DA:23,0
DA:25,0
DA:28,0
DA:34,0
DA:36,0
DA:44,0
DA:50,0
DA:51,0
DA:52,0
DA:55,0
DA:56,0
DA:57,0
DA:62,0
DA:64,0
DA:69,0
DA:74,0
DA:75,0
DA:76,0
DA:78,0
DA:83,0
DA:88,1
LF:25
LH:3
BRDA:52,0,0,0
BRDA:52,0,1,0
BRF:2
BRH:0
end_of_record
TN:
SF:/home/mrduk/Heroku-apps/WayFarer-API/src/controllers/users.js
FN:15,(anonymous_0)
FN:20,(anonymous_1)
FN:54,(anonymous_2)
FN:80,(anonymous_3)
FNF:4
FNH:4
FNDA:18,(anonymous_0)
FNDA:3,(anonymous_1)
FNDA:11,(anonymous_2)
FNDA:2,(anonymous_3)
DA:1,1
DA:2,1
DA:3,1
DA:4,1
DA:6,1
DA:12,1
DA:16,18
DA:21,3
DA:22,3
DA:28,3
DA:30,3
DA:31,3
DA:33,2
DA:34,2
DA:36,2
DA:38,1
DA:39,1
DA:40,1
DA:41,1
DA:50,1
DA:55,11
DA:59,11
DA:60,11
DA:61,11
DA:62,10
DA:63,10
DA:64,10
DA:65,10
DA:66,10
DA:67,10
DA:76,0
DA:81,2
DA:82,2
DA:83,2
DA:85,2
DA:90,0
DA:95,1
LF:37
LH:35
BRDA:22,0,0,1
BRDA:22,0,1,2
BRDA:31,1,0,1
BRDA:31,1,1,2
BRDA:39,2,0,1
BRDA:39,2,1,0
BRDA:39,3,0,1
BRDA:39,3,1,0
BRDA:61,4,0,1
BRDA:61,4,1,10
BRDA:64,5,0,0
BRDA:64,5,1,10
BRDA:65,6,0,10
BRDA:65,6,1,0
BRDA:65,7,0,10
BRDA:65,7,1,0
BRF:16
BRH:11
end_of_record
TN:
SF:/home/mrduk/Heroku-apps/WayFarer-API/src/helpers/errorHandler.js
FN:2,(anonymous_0)
FN:8,(anonymous_1)
FN:14,(anonymous_2)
FN:20,(anonymous_3)
FN:26,(anonymous_4)
FN:33,(anonymous_5)
FNF:6
FNH:3
FNDA:1,(anonymous_0)
FNDA:0,(anonymous_1)
FNDA:5,(anonymous_2)
FNDA:0,(anonymous_3)
FNDA:0,(anonymous_4)
FNDA:3,(anonymous_5)
DA:1,1
DA:2,1
DA:8,0
DA:14,5
DA:20,0
DA:26,0
DA:34,3
DA:35,3
DA:36,1
DA:38,2
LF:10
LH:7
BRDA:5,0,0,1
BRDA:5,0,1,0
BRDA:11,1,0,0
BRDA:11,1,1,0
BRDA:17,2,0,5
BRDA:17,2,1,0
BRDA:23,3,0,0
BRDA:23,3,1,0
BRDA:29,4,0,0
BRDA:29,4,1,0
BRDA:35,5,0,1
BRDA:35,5,1,2
BRF:12
BRH:4
end_of_record
TN:
SF:/home/mrduk/Heroku-apps/WayFarer-API/src/helpers/generateSeatNumber.js
FN:1,(anonymous_0)
FNF:1
FNH:0
FNDA:0,(anonymous_0)
DA:1,1
DA:2,0
DA:4,0
DA:5,0
DA:6,0
DA:9,0
LF:6
LH:1
BRDA:5,0,0,0
BRDA:5,0,1,0
BRF:2
BRH:0
end_of_record
TN:
SF:/home/mrduk/Heroku-apps/WayFarer-API/src/middlewares/auth.js
FN:14,(anonymous_0)
FN:33,(anonymous_1)
FNF:2
FNH:0
FNDA:0,(anonymous_0)
FNDA:0,(anonymous_1)
DA:1,1
DA:2,1
DA:3,1
DA:8,1
DA:10,1
DA:15,0
DA:16,0
DA:17,0
DA:19,0
DA:20,0
DA:21,0
DA:22,0
DA:23,0
DA:24,0
DA:25,0
DA:26,0
DA:28,0
DA:34,0
DA:35,0
DA:36,0
DA:40,1
LF:21
LH:6
BRDA:16,0,0,0
BRDA:16,0,1,0
BRDA:17,1,0,0
BRDA:17,1,1,0
BRDA:17,2,0,0
BRDA:17,2,1,0
BRDA:25,3,0,0
BRDA:25,3,1,0
BRDA:35,4,0,0
BRDA:35,4,1,0
BRF:10
BRH:0
end_of_record
TN:
SF:/home/mrduk/Heroku-apps/WayFarer-API/src/middlewares/bookings.js
FN:11,(anonymous_0)
FN:40,(anonymous_1)
FN:48,(anonymous_2)
FNF:3
FNH:0
FNDA:0,(anonymous_0)
FNDA:0,(anonymous_1)
FNDA:0,(anonymous_2)
DA:1,1
DA:2,1
DA:3,1
DA:7,1
DA:8,1
DA:12,0
DA:15,0
DA:17,0
DA:20,0
DA:22,0
DA:23,0
DA:26,0
DA:28,0
DA:31,0
DA:35,0
DA:36,0
DA:37,0
DA:39,0
DA:40,0
DA:41,0
DA:46,0
DA:48,0
DA:49,0
DA:50,0
DA:51,0
DA:53,0
DA:55,0
DA:60,1
LF:28
LH:6
BRDA:22,0,0,0
BRDA:22,0,1,0
BRDA:35,1,0,0
BRDA:35,1,1,0
BRDA:36,2,0,0
BRDA:36,2,1,0
BRDA:37,3,0,0
BRDA:37,3,1,0
BRDA:37,4,0,0
BRDA:37,4,1,0
BRDA:39,5,0,0
BRDA:39,5,1,0
BRDA:41,6,0,0
BRDA:41,6,1,0
BRDA:46,7,0,0
BRDA:46,7,1,0
BRDA:51,8,0,0
BRDA:51,8,1,0
BRF:18
BRH:0
end_of_record
TN:
SF:/home/mrduk/Heroku-apps/WayFarer-API/src/middlewares/users.js
FN:5,(anonymous_0)
FN:21,(anonymous_1)
FNF:2
FNH:2
FNDA:1,(anonymous_0)
FNDA:2,(anonymous_1)
DA:1,1
DA:2,1
DA:6,1
DA:13,1
DA:14,1
DA:15,1
DA:16,1
DA:18,0
DA:22,2
DA:27,2
DA:28,2
DA:29,2
DA:30,2
DA:32,0
DA:36,1
LF:15
LH:13
BRDA:14,0,0,1
BRDA:14,0,1,0
BRDA:28,1,0,2
BRDA:28,1,1,0
BRF:4
BRH:2
end_of_record
TN:
SF:/home/mrduk/Heroku-apps/WayFarer-API/src/models/Model.js
FN:10,(anonymous_0)
FN:13,(anonymous_1)
FN:19,(anonymous_2)
FN:25,(anonymous_3)
FN:31,(anonymous_4)
FN:37,(anonymous_5)
FNF:6
FNH:2
FNDA:2,(anonymous_0)
FNDA:0,(anonymous_1)
FNDA:0,(anonymous_2)
FNDA:0,(anonymous_3)
FNDA:0,(anonymous_4)
FNDA:10,(anonymous_5)
DA:1,1
DA:2,1
DA:3,1
DA:5,1
DA:7,1
DA:11,2
DA:12,2
DA:13,2
DA:14,0
DA:15,0
DA:20,0
DA:21,0
DA:22,0
DA:26,0
DA:27,0
DA:28,0
DA:32,0
DA:33,0
DA:34,0
DA:38,10
DA:39,10
DA:40,10
DA:44,1
LF:23
LH:12
BRDA:12,0,0,2
BRDA:12,0,1,0
BRDA:19,1,0,0
BRDA:25,2,0,0
BRF:4
BRH:1
end_of_record
TN:
SF:/home/mrduk/Heroku-apps/WayFarer-API/src/models/trip.js
FN:10,(anonymous_0)
FN:13,(anonymous_1)
FN:19,(anonymous_2)
FN:25,(anonymous_3)
FN:31,(anonymous_4)
FNF:5
FNH:0
FNDA:0,(anonymous_0)
FNDA:0,(anonymous_1)
FNDA:0,(anonymous_2)
FNDA:0,(anonymous_3)
FNDA:0,(anonymous_4)
DA:1,1
DA:2,1
DA:3,1
DA:5,1
DA:7,1
DA:11,0
DA:12,0
DA:13,0
DA:14,0
DA:15,0
DA:20,0
DA:21,0
DA:22,0
DA:26,0
DA:27,0
DA:28,0
DA:32,0
DA:33,0
DA:34,0
DA:38,1
LF:20
LH:6
BRDA:12,0,0,0
BRDA:12,0,1,0
BRDA:19,1,0,0
BRDA:25,2,0,0
BRF:4
BRH:0
end_of_record
TN:
SF:/home/mrduk/Heroku-apps/WayFarer-API/src/models/users.js
FN:10,(anonymous_0)
FN:13,(anonymous_1)
FN:19,(anonymous_2)
FN:25,(anonymous_3)
FN:31,(anonymous_4)
FNF:5
FNH:4
FNDA:18,(anonymous_0)
FNDA:0,(anonymous_1)
FNDA:14,(anonymous_2)
FNDA:2,(anonymous_3)
FNDA:2,(anonymous_4)
DA:1,1
DA:2,1
DA:3,1
DA:5,1
DA:7,1
DA:11,18
DA:12,18
DA:13,18
DA:14,0
DA:15,0
DA:20,14
DA:21,14
DA:22,14
DA:26,2
DA:27,2
DA:28,1
DA:32,2
DA:33,2
DA:34,2
DA:38,1
LF:20
LH:18
BRDA:12,0,0,18
BRDA:12,0,1,0
BRDA:19,1,0,0
BRDA:25,2,0,2
BRF:4
BRH:2
end_of_record
TN:
SF:/home/mrduk/Heroku-apps/WayFarer-API/src/routes/bookings.js
FN:5,(anonymous_0)
FNF:1
FNH:1
FNDA:1,(anonymous_0)
DA:1,1
DA:2,1
DA:3,1
DA:5,1
DA:6,1
DA:12,1
LF:6
LH:6
BRF:0
BRH:0
end_of_record
TN:
SF:/home/mrduk/Heroku-apps/WayFarer-API/src/routes/trips.js
FN:4,(anonymous_0)
FNF:1
FNH:1
FNDA:1,(anonymous_0)
DA:1,1
DA:2,1
DA:4,1
DA:5,1
DA:11,1
DA:16,1
LF:6
LH:6
BRF:0
BRH:0
end_of_record
TN:
SF:/home/mrduk/Heroku-apps/WayFarer-API/src/routes/users.js
FN:4,(anonymous_0)
FNF:1
FNH:1
FNDA:1,(anonymous_0)
DA:1,1
DA:2,1
DA:4,1
DA:5,1
DA:6,1
DA:7,1
DA:8,1
LF:7
LH:7
BRF:0
BRH:0
end_of_record
